<?xml version="1.0" encoding="UTF-8"?>
<testng-results skipped="0" failed="0" ignored="0" total="1" passed="1">
  <reporter-output>
  </reporter-output>
  <suite name="Suite" duration-ms="17978" started-at="2019-08-27T13:21:26Z" finished-at="2019-08-27T13:21:44Z">
    <groups>
    </groups>
    <test name="Test" duration-ms="17978" started-at="2019-08-27T13:21:26Z" finished-at="2019-08-27T13:21:44Z">
      <class name="package01.TestSendMail3">
        <test-method status="PASS" signature="openChrome()[pri:0, instance:package01.TestSendMail3@ff5b51f]" name="openChrome" is-config="true" duration-ms="11631" started-at="2019-08-27T13:21:26Z" finished-at="2019-08-27T13:21:38Z">
          <reporter-output>
          </reporter-output>
        </test-method> <!-- openChrome -->
        <test-method status="PASS" signature="main()[pri:0, instance:package01.TestSendMail3@ff5b51f]" name="main" duration-ms="6291" started-at="2019-08-27T13:21:38Z" finished-at="2019-08-27T13:21:44Z">
          <reporter-output>
          </reporter-output>
        </test-method> <!-- main -->
      </class> <!-- package01.TestSendMail3 -->
    </test> <!-- Test -->
  </suite> <!-- Suite -->
</testng-results>
